<?xml version="1.0" encoding="UTF-8"?>
<testsuite name="com.finbank.backend.service.AccountConcurrencyTest" tests="1" skipped="0" failures="0" errors="0" timestamp="2026-01-01T15:20:43" hostname="bagjeyeong-ui-MacBookPro.local" time="0.528">
  <properties/>
  <testcase name="whenTwoConcurrentTransfers_thenOnlyOneSucceeds()" classname="com.finbank.backend.service.AccountConcurrencyTest" time="0.528"/>
  <system-out><![CDATA[00:20:40.921 [Test worker] INFO org.springframework.test.context.support.AnnotationConfigContextLoaderUtils -- Could not detect default configuration classes for test class [com.finbank.backend.service.AccountConcurrencyTest]: AccountConcurrencyTest does not declare any static, non-private, non-final, nested classes annotated with @Configuration.
00:20:40.975 [Test worker] INFO org.springframework.boot.test.context.SpringBootTestContextBootstrapper -- Found @SpringBootConfiguration com.finbank.backend.FinbankBackendApplication for test class com.finbank.backend.service.AccountConcurrencyTest

  .   ____          _            __ _ _
 /\\ / ___'_ __ _ _(_)_ __  __ _ \ \ \ \
( ( )\___ | '_ | '_| | '_ \/ _` | \ \ \ \
 \\/  ___)| |_)| | | | | || (_| |  ) ) ) )
  '  |____| .__|_| |_|_| |_\__, | / / / /
 =========|_|==============|___/=/_/_/_/

 :: Spring Boot ::                (v3.3.2)

2026-01-02T00:20:41.159+09:00  INFO 58734 --- [    Test worker] c.f.b.service.AccountConcurrencyTest     : Starting AccountConcurrencyTest using Java 17.0.11 with PID 58734 (started by bagjeyeong in /Users/bagjeyeong/Desktop/FinBank/finbank-backend)
2026-01-02T00:20:41.160+09:00  INFO 58734 --- [    Test worker] c.f.b.service.AccountConcurrencyTest     : No active profile set, falling back to 1 default profile: "default"
2026-01-02T00:20:41.484+09:00  INFO 58734 --- [    Test worker] .s.d.r.c.RepositoryConfigurationDelegate : Bootstrapping Spring Data JPA repositories in DEFAULT mode.
2026-01-02T00:20:41.509+09:00  INFO 58734 --- [    Test worker] .s.d.r.c.RepositoryConfigurationDelegate : Finished Spring Data repository scanning in 21 ms. Found 3 JPA repository interfaces.
2026-01-02T00:20:41.735+09:00  INFO 58734 --- [    Test worker] o.hibernate.jpa.internal.util.LogHelper  : HHH000204: Processing PersistenceUnitInfo [name: default]
2026-01-02T00:20:41.763+09:00  INFO 58734 --- [    Test worker] org.hibernate.Version                    : HHH000412: Hibernate ORM core version 6.5.2.Final
2026-01-02T00:20:41.779+09:00  INFO 58734 --- [    Test worker] o.h.c.internal.RegionFactoryInitiator    : HHH000026: Second-level cache disabled
2026-01-02T00:20:41.915+09:00  INFO 58734 --- [    Test worker] o.s.o.j.p.SpringPersistenceUnitInfo      : No LoadTimeWeaver setup: ignoring JPA class transformer
2026-01-02T00:20:41.931+09:00  INFO 58734 --- [    Test worker] com.zaxxer.hikari.HikariDataSource       : HikariPool-1 - Starting...
2026-01-02T00:20:42.004+09:00  INFO 58734 --- [    Test worker] com.zaxxer.hikari.pool.HikariPool        : HikariPool-1 - Added connection com.mysql.cj.jdbc.ConnectionImpl@545604a9
2026-01-02T00:20:42.005+09:00  INFO 58734 --- [    Test worker] com.zaxxer.hikari.HikariDataSource       : HikariPool-1 - Start completed.
2026-01-02T00:20:42.028+09:00  WARN 58734 --- [    Test worker] org.hibernate.orm.deprecation            : HHH90000025: MySQL8Dialect does not need to be specified explicitly using 'hibernate.dialect' (remove the property setting and it will be selected by default)
2026-01-02T00:20:42.029+09:00  WARN 58734 --- [    Test worker] org.hibernate.orm.deprecation            : HHH90000026: MySQL8Dialect has been deprecated; use org.hibernate.dialect.MySQLDialect instead
2026-01-02T00:20:42.438+09:00  INFO 58734 --- [    Test worker] o.h.e.t.j.p.i.JtaPlatformInitiator       : HHH000489: No JTA platform available (set 'hibernate.transaction.jta.platform' to enable JTA platform integration)
Hibernate: 
    alter table accounts 
       drop 
       foreign key FK5wthig4cceujoms81xk981y80
Hibernate: 
    alter table transaction_logs 
       drop 
       foreign key FKse18j0anhxoj15mdsps4rgce
Hibernate: 
    alter table transaction_logs 
       drop 
       foreign key FKrfe7o69q8mqjidckxmoi5jr9o
Hibernate: 
    drop table if exists accounts
Hibernate: 
    drop table if exists members
Hibernate: 
    drop table if exists transaction_logs
Hibernate: 
    create table accounts (
        locked bit not null,
        balance bigint not null,
        created_at datetime(6) not null,
        id bigint not null auto_increment,
        member_id bigint not null,
        account_number varchar(20) not null,
        primary key (id)
    ) engine=InnoDB
Hibernate: 
    create table members (
        created_at datetime(6) not null,
        id bigint not null auto_increment,
        name varchar(50) not null,
        email varchar(100) not null,
        password varchar(200) not null,
        primary key (id)
    ) engine=InnoDB
Hibernate: 
    create table transaction_logs (
        amount bigint not null,
        balance_after bigint not null,
        created_at datetime(6) not null,
        from_account_id bigint,
        id bigint not null auto_increment,
        to_account_id bigint,
        type varchar(20) not null,
        description varchar(255),
        primary key (id)
    ) engine=InnoDB
Hibernate: 
    alter table accounts 
       add constraint UK6kplolsdtr3slnvx97xsy2kc8 unique (account_number)
Hibernate: 
    alter table members 
       add constraint UK9d30a9u1qpg8eou0otgkwrp5d unique (email)
Hibernate: 
    alter table accounts 
       add constraint FK5wthig4cceujoms81xk981y80 
       foreign key (member_id) 
       references members (id)
Hibernate: 
    alter table transaction_logs 
       add constraint FKse18j0anhxoj15mdsps4rgce 
       foreign key (from_account_id) 
       references accounts (id)
Hibernate: 
    alter table transaction_logs 
       add constraint FKrfe7o69q8mqjidckxmoi5jr9o 
       foreign key (to_account_id) 
       references accounts (id)
2026-01-02T00:20:42.528+09:00  INFO 58734 --- [    Test worker] j.LocalContainerEntityManagerFactoryBean : Initialized JPA EntityManagerFactory for persistence unit 'default'
2026-01-02T00:20:42.713+09:00  WARN 58734 --- [    Test worker] JpaBaseConfiguration$JpaWebConfiguration : spring.jpa.open-in-view is enabled by default. Therefore, database queries may be performed during view rendering. Explicitly configure spring.jpa.open-in-view to disable this warning
2026-01-02T00:20:43.007+09:00  INFO 58734 --- [    Test worker] c.f.b.service.AccountConcurrencyTest     : Started AccountConcurrencyTest in 1.963 seconds (process running for 2.479)
Hibernate: 
    delete a1_0 
    from
        accounts a1_0
Hibernate: 
    delete m1_0 
    from
        members m1_0
Hibernate: 
    insert 
    into
        members
        (created_at, email, name, password) 
    values
        (?, ?, ?, ?)
Hibernate: 
    insert 
    into
        accounts
        (account_number, balance, created_at, locked, member_id) 
    values
        (?, ?, ?, ?, ?)
Hibernate: 
    insert 
    into
        accounts
        (account_number, balance, created_at, locked, member_id) 
    values
        (?, ?, ?, ?, ?)
Hibernate: 
    select
        m1_0.id,
        m1_0.created_at,
        m1_0.email,
        m1_0.name,
        m1_0.password 
    from
        members m1_0 
    where
        m1_0.email=?
Hibernate: 
    select
        m1_0.id,
        m1_0.created_at,
        m1_0.email,
        m1_0.name,
        m1_0.password 
    from
        members m1_0 
    where
        m1_0.email=?
Hibernate: 
    select
        a1_0.id,
        a1_0.account_number,
        a1_0.balance,
        a1_0.created_at,
        a1_0.locked,
        a1_0.member_id 
    from
        accounts a1_0 
    where
        a1_0.id=? for update
Hibernate: 
    select
        a1_0.id,
        a1_0.account_number,
        a1_0.balance,
        a1_0.created_at,
        a1_0.locked,
        a1_0.member_id 
    from
        accounts a1_0 
    where
        a1_0.id=? for update
Hibernate: 
    select
        a1_0.id,
        a1_0.account_number,
        a1_0.balance,
        a1_0.created_at,
        a1_0.locked,
        a1_0.member_id 
    from
        accounts a1_0 
    where
        a1_0.account_number=? for update
Hibernate: 
    insert 
    into
        transaction_logs
        (amount, balance_after, created_at, description, from_account_id, to_account_id, type) 
    values
        (?, ?, ?, ?, ?, ?, ?)
Hibernate: 
    insert 
    into
        transaction_logs
        (amount, balance_after, created_at, description, from_account_id, to_account_id, type) 
    values
        (?, ?, ?, ?, ?, ?, ?)
Hibernate: 
    insert 
    into
        transaction_logs
        (amount, balance_after, created_at, description, from_account_id, to_account_id, type) 
    values
        (?, ?, ?, ?, ?, ?, ?)
Hibernate: 
    update
        accounts 
    set
        account_number=?,
        balance=?,
        created_at=?,
        locked=?,
        member_id=? 
    where
        id=?
Hibernate: 
    update
        accounts 
    set
        account_number=?,
        balance=?,
        created_at=?,
        locked=?,
        member_id=? 
    where
        id=?
Hibernate: 
    select
        a1_0.id,
        a1_0.account_number,
        a1_0.balance,
        a1_0.created_at,
        a1_0.locked,
        a1_0.member_id 
    from
        accounts a1_0 
    where
        a1_0.account_number=? for update
기대된 실패: 잔액이 부족합니다.
Hibernate: 
    select
        a1_0.id,
        a1_0.account_number,
        a1_0.balance,
        a1_0.created_at,
        a1_0.locked,
        a1_0.member_id 
    from
        accounts a1_0 
    where
        a1_0.id=?
]]></system-out>
  <system-err><![CDATA[]]></system-err>
</testsuite>
