<?xml version="1.0" encoding="UTF-8"?>
<testsuite name="com.finbank.backend.service.AccountLedgerValidationTest" tests="4" skipped="0" failures="0" errors="0" timestamp="2026-01-02T16:06:47" hostname="bagjeyeong-ui-MacBookPro.local" time="0.636">
  <properties/>
  <testcase name="출금 로그 검증: from 계좌가 없으면 예외 발생" classname="com.finbank.backend.service.AccountLedgerValidationTest" time="0.598"/>
  <testcase name="이체 로그 검증: 정상적인 from/to 계좌는 통과" classname="com.finbank.backend.service.AccountLedgerValidationTest" time="0.028"/>
  <testcase name="입금 로그 검증: to 계좌가 없으면 예외 발생" classname="com.finbank.backend.service.AccountLedgerValidationTest" time="0.003"/>
  <testcase name="이체 로그 검증: to 계좌가 없으면 예외 발생" classname="com.finbank.backend.service.AccountLedgerValidationTest" time="0.002"/>
  <system-out><![CDATA[]]></system-out>
  <system-err><![CDATA[]]></system-err>
</testsuite>
